2023-08-03 00:52:09.281  INFO 10504 --- [Test worker] com.banking.BankingApplicationTests      : Starting BankingApplicationTests using Java 17.0.6 on DESKTOP-2H10H22 with PID 10504 (started by Bekir in D:\bekir\my_projects\Java\banking)
2023-08-03 00:52:09.284  INFO 10504 --- [Test worker] com.banking.BankingApplicationTests      : No active profile set, falling back to default profiles: default
2023-08-03 00:52:10.160  INFO 10504 --- [Test worker] .s.d.r.c.RepositoryConfigurationDelegate : Multiple Spring Data modules found, entering strict repository configuration mode!
2023-08-03 00:52:10.161  INFO 10504 --- [Test worker] .s.d.r.c.RepositoryConfigurationDelegate : Bootstrapping Spring Data JDBC repositories in DEFAULT mode.
2023-08-03 00:52:10.187  INFO 10504 --- [Test worker] .RepositoryConfigurationExtensionSupport : Spring Data JDBC - Could not safely identify store assignment for repository candidate interface com.banking.repository.AccountRepository. If you want this repository to be a JDBC repository, consider annotating your entities with one of these annotations: org.springframework.data.relational.core.mapping.Table.
2023-08-03 00:52:10.188  INFO 10504 --- [Test worker] .RepositoryConfigurationExtensionSupport : Spring Data JDBC - Could not safely identify store assignment for repository candidate interface com.banking.repository.TransactionRepository. If you want this repository to be a JDBC repository, consider annotating your entities with one of these annotations: org.springframework.data.relational.core.mapping.Table.
2023-08-03 00:52:10.189  INFO 10504 --- [Test worker] .s.d.r.c.RepositoryConfigurationDelegate : Finished Spring Data repository scanning in 23 ms. Found 0 JDBC repository interfaces.
2023-08-03 00:52:10.196  INFO 10504 --- [Test worker] .s.d.r.c.RepositoryConfigurationDelegate : Multiple Spring Data modules found, entering strict repository configuration mode!
2023-08-03 00:52:10.197  INFO 10504 --- [Test worker] .s.d.r.c.RepositoryConfigurationDelegate : Bootstrapping Spring Data JPA repositories in DEFAULT mode.
2023-08-03 00:52:10.224  INFO 10504 --- [Test worker] .s.d.r.c.RepositoryConfigurationDelegate : Finished Spring Data repository scanning in 24 ms. Found 2 JPA repository interfaces.
2023-08-03 00:52:10.682  INFO 10504 --- [Test worker] o.hibernate.jpa.internal.util.LogHelper  : HHH000204: Processing PersistenceUnitInfo [name: default]
2023-08-03 00:52:10.736  INFO 10504 --- [Test worker] org.hibernate.Version                    : HHH000412: Hibernate ORM core version 5.4.32.Final
2023-08-03 00:52:10.886  INFO 10504 --- [Test worker] o.hibernate.annotations.common.Version   : HCANN000001: Hibernate Commons Annotations {5.1.2.Final}
2023-08-03 00:52:10.984  INFO 10504 --- [Test worker] com.zaxxer.hikari.HikariDataSource       : HikariPool-1 - Starting...
2023-08-03 00:52:11.112  INFO 10504 --- [Test worker] com.zaxxer.hikari.HikariDataSource       : HikariPool-1 - Start completed.
2023-08-03 00:52:11.126  INFO 10504 --- [Test worker] org.hibernate.dialect.Dialect            : HHH000400: Using dialect: org.hibernate.dialect.MySQL5Dialect
2023-08-03 00:52:11.770  INFO 10504 --- [Test worker] o.h.e.t.j.p.i.JtaPlatformInitiator       : HHH000490: Using JtaPlatform implementation: [org.hibernate.engine.transaction.jta.platform.internal.NoJtaPlatform]
2023-08-03 00:52:11.779  INFO 10504 --- [Test worker] j.LocalContainerEntityManagerFactoryBean : Initialized JPA EntityManagerFactory for persistence unit 'default'
2023-08-03 00:52:12.437  WARN 10504 --- [Test worker] JpaBaseConfiguration$JpaWebConfiguration : spring.jpa.open-in-view is enabled by default. Therefore, database queries may be performed during view rendering. Explicitly configure spring.jpa.open-in-view to disable this warning
2023-08-03 00:52:12.654  INFO 10504 --- [Test worker] o.s.b.a.e.web.EndpointLinksResolver      : Exposing 1 endpoint(s) beneath base path '/actuator'
2023-08-03 00:52:12.781  INFO 10504 --- [Test worker] pertySourcedRequestMappingHandlerMapping : Mapped URL path [/v2/api-docs] onto method [springfox.documentation.swagger2.web.Swagger2Controller#getDocumentation(String, HttpServletRequest)]
2023-08-03 00:52:13.343  INFO 10504 --- [Test worker] d.s.w.p.DocumentationPluginsBootstrapper : Context refreshed
2023-08-03 00:52:13.359  INFO 10504 --- [Test worker] d.s.w.p.DocumentationPluginsBootstrapper : Found 1 custom documentation plugin(s)
2023-08-03 00:52:13.375  INFO 10504 --- [Test worker] s.d.s.w.s.ApiListingReferenceScanner     : Scanning for api listing references
2023-08-03 00:52:13.473  INFO 10504 --- [Test worker] com.banking.BankingApplicationTests      : Started BankingApplicationTests in 4.408 seconds (JVM running for 5.452)
2023-08-03 00:52:13.663  INFO 10504 --- [Test worker] .b.t.c.SpringBootTestContextBootstrapper : Neither @ContextConfiguration nor @ContextHierarchy found for test class [com.banking.ModelTest], using SpringBootContextLoader
2023-08-03 00:52:13.664  INFO 10504 --- [Test worker] o.s.t.c.support.AbstractContextLoader    : Could not detect default resource locations for test class [com.banking.ModelTest]: no resource found for suffixes {-context.xml, Context.groovy}.
2023-08-03 00:52:13.664  INFO 10504 --- [Test worker] t.c.s.AnnotationConfigContextLoaderUtils : Could not detect default configuration classes for test class [com.banking.ModelTest]: ModelTest does not declare any static, non-private, non-final, nested classes annotated with @Configuration.
2023-08-03 00:52:13.666  INFO 10504 --- [Test worker] .b.t.c.SpringBootTestContextBootstrapper : Found @SpringBootConfiguration com.banking.BankingApplication for test class com.banking.ModelTest
2023-08-03 00:52:13.667  INFO 10504 --- [Test worker] .b.t.c.SpringBootTestContextBootstrapper : Loaded default TestExecutionListener class names from location [META-INF/spring.factories]: [org.springframework.security.test.context.support.WithSecurityContextTestExecutionListener, org.springframework.security.test.context.support.ReactorContextTestExecutionListener, org.springframework.boot.test.autoconfigure.restdocs.RestDocsTestExecutionListener, org.springframework.boot.test.autoconfigure.web.client.MockRestServiceServerResetTestExecutionListener, org.springframework.boot.test.autoconfigure.web.servlet.MockMvcPrintOnlyOnFailureTestExecutionListener, org.springframework.boot.test.autoconfigure.web.servlet.WebDriverTestExecutionListener, org.springframework.boot.test.autoconfigure.webservices.client.MockWebServiceServerTestExecutionListener, org.springframework.boot.test.mock.mockito.MockitoTestExecutionListener, org.springframework.boot.test.mock.mockito.ResetMocksTestExecutionListener, org.springframework.test.context.web.ServletTestExecutionListener, org.springframework.test.context.support.DirtiesContextBeforeModesTestExecutionListener, org.springframework.test.context.event.ApplicationEventsTestExecutionListener, org.springframework.test.context.support.DependencyInjectionTestExecutionListener, org.springframework.test.context.support.DirtiesContextTestExecutionListener, org.springframework.test.context.transaction.TransactionalTestExecutionListener, org.springframework.test.context.jdbc.SqlScriptsTestExecutionListener, org.springframework.test.context.event.EventPublishingTestExecutionListener]
2023-08-03 00:52:13.668  INFO 10504 --- [Test worker] .b.t.c.SpringBootTestContextBootstrapper : Using TestExecutionListeners: [org.springframework.test.context.web.ServletTestExecutionListener@51a3e3b4, org.springframework.test.context.support.DirtiesContextBeforeModesTestExecutionListener@27e0906f, org.springframework.test.context.event.ApplicationEventsTestExecutionListener@14432052, org.springframework.boot.test.mock.mockito.MockitoTestExecutionListener@7f6c85c4, org.springframework.boot.test.autoconfigure.SpringBootDependencyInjectionTestExecutionListener@319c77de, org.springframework.test.context.support.DirtiesContextTestExecutionListener@12dcfa6a, org.springframework.test.context.transaction.TransactionalTestExecutionListener@1f9009d3, org.springframework.test.context.jdbc.SqlScriptsTestExecutionListener@4c9ed40, org.springframework.security.test.context.support.WithSecurityContextTestExecutionListener@56394880, org.springframework.test.context.event.EventPublishingTestExecutionListener@23c3f787, org.springframework.security.test.context.support.ReactorContextTestExecutionListener@3c82bcbd, org.springframework.boot.test.autoconfigure.restdocs.RestDocsTestExecutionListener@776ae580, org.springframework.boot.test.autoconfigure.web.client.MockRestServiceServerResetTestExecutionListener@6b0bcea5, org.springframework.boot.test.autoconfigure.web.servlet.MockMvcPrintOnlyOnFailureTestExecutionListener@5748638c, org.springframework.boot.test.autoconfigure.web.servlet.WebDriverTestExecutionListener@7e864a8c, org.springframework.boot.test.autoconfigure.webservices.client.MockWebServiceServerTestExecutionListener@5e60e639, org.springframework.boot.test.mock.mockito.ResetMocksTestExecutionListener@6bab65b6]
2023-08-03 00:52:13.928  INFO 10504 --- [Test worker] com.banking.ControllerTest               : Starting ControllerTest using Java 17.0.6 on DESKTOP-2H10H22 with PID 10504 (started by Bekir in D:\bekir\my_projects\Java\banking)
2023-08-03 00:52:13.929  INFO 10504 --- [Test worker] com.banking.ControllerTest               : No active profile set, falling back to default profiles: default
2023-08-03 00:52:14.162  INFO 10504 --- [Test worker] .s.d.r.c.RepositoryConfigurationDelegate : Multiple Spring Data modules found, entering strict repository configuration mode!
2023-08-03 00:52:14.162  INFO 10504 --- [Test worker] .s.d.r.c.RepositoryConfigurationDelegate : Bootstrapping Spring Data JDBC repositories in DEFAULT mode.
2023-08-03 00:52:14.166  INFO 10504 --- [Test worker] .RepositoryConfigurationExtensionSupport : Spring Data JDBC - Could not safely identify store assignment for repository candidate interface com.banking.repository.AccountRepository. If you want this repository to be a JDBC repository, consider annotating your entities with one of these annotations: org.springframework.data.relational.core.mapping.Table.
2023-08-03 00:52:14.166  INFO 10504 --- [Test worker] .RepositoryConfigurationExtensionSupport : Spring Data JDBC - Could not safely identify store assignment for repository candidate interface com.banking.repository.TransactionRepository. If you want this repository to be a JDBC repository, consider annotating your entities with one of these annotations: org.springframework.data.relational.core.mapping.Table.
2023-08-03 00:52:14.166  INFO 10504 --- [Test worker] .s.d.r.c.RepositoryConfigurationDelegate : Finished Spring Data repository scanning in 4 ms. Found 0 JDBC repository interfaces.
2023-08-03 00:52:14.169  INFO 10504 --- [Test worker] .s.d.r.c.RepositoryConfigurationDelegate : Multiple Spring Data modules found, entering strict repository configuration mode!
2023-08-03 00:52:14.169  INFO 10504 --- [Test worker] .s.d.r.c.RepositoryConfigurationDelegate : Bootstrapping Spring Data JPA repositories in DEFAULT mode.
2023-08-03 00:52:14.176  INFO 10504 --- [Test worker] .s.d.r.c.RepositoryConfigurationDelegate : Finished Spring Data repository scanning in 6 ms. Found 2 JPA repository interfaces.
2023-08-03 00:52:14.269  INFO 10504 --- [Test worker] o.hibernate.jpa.internal.util.LogHelper  : HHH000204: Processing PersistenceUnitInfo [name: default]
2023-08-03 00:52:14.272  INFO 10504 --- [Test worker] com.zaxxer.hikari.HikariDataSource       : HikariPool-2 - Starting...
2023-08-03 00:52:14.276  INFO 10504 --- [Test worker] com.zaxxer.hikari.HikariDataSource       : HikariPool-2 - Start completed.
2023-08-03 00:52:14.277  INFO 10504 --- [Test worker] org.hibernate.dialect.Dialect            : HHH000400: Using dialect: org.hibernate.dialect.MySQL5Dialect
2023-08-03 00:52:14.371  INFO 10504 --- [Test worker] o.h.e.t.j.p.i.JtaPlatformInitiator       : HHH000490: Using JtaPlatform implementation: [org.hibernate.engine.transaction.jta.platform.internal.NoJtaPlatform]
2023-08-03 00:52:14.372  INFO 10504 --- [Test worker] j.LocalContainerEntityManagerFactoryBean : Initialized JPA EntityManagerFactory for persistence unit 'default'
2023-08-03 00:52:14.549  WARN 10504 --- [Test worker] JpaBaseConfiguration$JpaWebConfiguration : spring.jpa.open-in-view is enabled by default. Therefore, database queries may be performed during view rendering. Explicitly configure spring.jpa.open-in-view to disable this warning
2023-08-03 00:52:14.642  INFO 10504 --- [Test worker] o.s.b.a.e.web.EndpointLinksResolver      : Exposing 1 endpoint(s) beneath base path '/actuator'
2023-08-03 00:52:14.707  INFO 10504 --- [Test worker] pertySourcedRequestMappingHandlerMapping : Mapped URL path [/v2/api-docs] onto method [springfox.documentation.swagger2.web.Swagger2Controller#getDocumentation(String, HttpServletRequest)]
2023-08-03 00:52:14.927  INFO 10504 --- [Test worker] d.s.w.p.DocumentationPluginsBootstrapper : Context refreshed
2023-08-03 00:52:14.927  INFO 10504 --- [Test worker] d.s.w.p.DocumentationPluginsBootstrapper : Found 1 custom documentation plugin(s)
2023-08-03 00:52:14.932  INFO 10504 --- [Test worker] s.d.s.w.s.ApiListingReferenceScanner     : Scanning for api listing references
2023-08-03 00:52:14.947  INFO 10504 --- [Test worker] com.banking.ControllerTest               : Started ControllerTest in 1.035 seconds (JVM running for 6.927)
2023-08-03 00:52:14.959  INFO 10504 --- [Test worker] o.s.b.t.m.w.SpringBootMockServletContext : Initializing Spring TestDispatcherServlet ''
2023-08-03 00:52:14.959  INFO 10504 --- [Test worker] o.s.t.web.servlet.TestDispatcherServlet  : Initializing Servlet ''
2023-08-03 00:52:14.960  INFO 10504 --- [Test worker] o.s.t.web.servlet.TestDispatcherServlet  : Completed initialization in 1 ms
2023-08-03 00:52:15.067  INFO 10504 --- [Test worker] c.banking.controller.AccountController   : Debit amount that is: 1200.0
2023-08-03 00:52:15.084  INFO 10504 --- [Test worker] o.s.b.t.m.w.SpringBootMockServletContext : Initializing Spring TestDispatcherServlet ''
2023-08-03 00:52:15.085  INFO 10504 --- [Test worker] o.s.t.web.servlet.TestDispatcherServlet  : Initializing Servlet ''
2023-08-03 00:52:15.085  INFO 10504 --- [Test worker] o.s.t.web.servlet.TestDispatcherServlet  : Completed initialization in 0 ms
2023-08-03 00:52:15.092  INFO 10504 --- [Test worker] c.banking.controller.AccountController   : Account number that is: 5088404062
2023-08-03 00:52:15.116  INFO 10504 --- [Test worker] o.s.b.t.m.w.SpringBootMockServletContext : Initializing Spring TestDispatcherServlet ''
2023-08-03 00:52:15.116  INFO 10504 --- [Test worker] o.s.t.web.servlet.TestDispatcherServlet  : Initializing Servlet ''
2023-08-03 00:52:15.117  INFO 10504 --- [Test worker] o.s.t.web.servlet.TestDispatcherServlet  : Completed initialization in 1 ms
2023-08-03 00:52:15.138  INFO 10504 --- [Test worker] c.banking.controller.AccountController   : Credit amount that is: 1200.0
2023-08-03 00:52:15.147  INFO 10504 --- [Test worker] o.s.b.t.m.w.SpringBootMockServletContext : Initializing Spring TestDispatcherServlet ''
2023-08-03 00:52:15.147  INFO 10504 --- [Test worker] o.s.t.web.servlet.TestDispatcherServlet  : Initializing Servlet ''
2023-08-03 00:52:15.148  INFO 10504 --- [Test worker] o.s.t.web.servlet.TestDispatcherServlet  : Completed initialization in 1 ms
2023-08-03 00:52:15.156  INFO 10504 --- [Test worker] c.banking.controller.AccountController   : Saved account number that is: 4818661754
2023-08-03 00:52:15.178  INFO 10504 --- [SpringApplicationShutdownHook] j.LocalContainerEntityManagerFactoryBean : Closing JPA EntityManagerFactory for persistence unit 'default'
2023-08-03 00:52:15.180  INFO 10504 --- [SpringApplicationShutdownHook] com.zaxxer.hikari.HikariDataSource       : HikariPool-1 - Shutdown initiated...
2023-08-03 00:52:15.185  INFO 10504 --- [SpringApplicationShutdownHook] com.zaxxer.hikari.HikariDataSource       : HikariPool-1 - Shutdown completed.
2023-08-03 00:52:15.190  INFO 10504 --- [SpringApplicationShutdownHook] j.LocalContainerEntityManagerFactoryBean : Closing JPA EntityManagerFactory for persistence unit 'default'
2023-08-03 00:52:15.190  INFO 10504 --- [SpringApplicationShutdownHook] com.zaxxer.hikari.HikariDataSource       : HikariPool-2 - Shutdown initiated...
2023-08-03 00:52:15.192  INFO 10504 --- [SpringApplicationShutdownHook] com.zaxxer.hikari.HikariDataSource       : HikariPool-2 - Shutdown completed.
2023-08-03 00:52:49.565  INFO 23340 --- [restartedMain] com.banking.BankingApplication           : Starting BankingApplication using Java 17.0.6 on DESKTOP-2H10H22 with PID 23340 (D:\bekir\my_projects\Java\banking\build\classes\java\main started by Bekir in D:\bekir\my_projects\Java\banking)
2023-08-03 00:52:49.567  INFO 23340 --- [restartedMain] com.banking.BankingApplication           : No active profile set, falling back to default profiles: default
2023-08-03 00:52:49.596  INFO 23340 --- [restartedMain] .e.DevToolsPropertyDefaultsPostProcessor : Devtools property defaults active! Set 'spring.devtools.add-properties' to 'false' to disable
2023-08-03 00:52:49.596  INFO 23340 --- [restartedMain] .e.DevToolsPropertyDefaultsPostProcessor : For additional web related logging consider setting the 'logging.level.web' property to 'DEBUG'
2023-08-03 00:52:50.272  INFO 23340 --- [restartedMain] .s.d.r.c.RepositoryConfigurationDelegate : Multiple Spring Data modules found, entering strict repository configuration mode!
2023-08-03 00:52:50.272  INFO 23340 --- [restartedMain] .s.d.r.c.RepositoryConfigurationDelegate : Bootstrapping Spring Data JDBC repositories in DEFAULT mode.
2023-08-03 00:52:50.291  INFO 23340 --- [restartedMain] .RepositoryConfigurationExtensionSupport : Spring Data JDBC - Could not safely identify store assignment for repository candidate interface com.banking.repository.AccountRepository. If you want this repository to be a JDBC repository, consider annotating your entities with one of these annotations: org.springframework.data.relational.core.mapping.Table.
2023-08-03 00:52:50.292  INFO 23340 --- [restartedMain] .RepositoryConfigurationExtensionSupport : Spring Data JDBC - Could not safely identify store assignment for repository candidate interface com.banking.repository.TransactionRepository. If you want this repository to be a JDBC repository, consider annotating your entities with one of these annotations: org.springframework.data.relational.core.mapping.Table.
2023-08-03 00:52:50.293  INFO 23340 --- [restartedMain] .s.d.r.c.RepositoryConfigurationDelegate : Finished Spring Data repository scanning in 18 ms. Found 0 JDBC repository interfaces.
2023-08-03 00:52:50.298  INFO 23340 --- [restartedMain] .s.d.r.c.RepositoryConfigurationDelegate : Multiple Spring Data modules found, entering strict repository configuration mode!
2023-08-03 00:52:50.298  INFO 23340 --- [restartedMain] .s.d.r.c.RepositoryConfigurationDelegate : Bootstrapping Spring Data JPA repositories in DEFAULT mode.
2023-08-03 00:52:50.319  INFO 23340 --- [restartedMain] .s.d.r.c.RepositoryConfigurationDelegate : Finished Spring Data repository scanning in 18 ms. Found 2 JPA repository interfaces.
2023-08-03 00:52:50.693  INFO 23340 --- [restartedMain] o.s.b.w.embedded.tomcat.TomcatWebServer  : Tomcat initialized with port(s): 8080 (http)
2023-08-03 00:52:50.700  INFO 23340 --- [restartedMain] o.apache.catalina.core.StandardService   : Starting service [Tomcat]
2023-08-03 00:52:50.701  INFO 23340 --- [restartedMain] org.apache.catalina.core.StandardEngine  : Starting Servlet engine: [Apache Tomcat/9.0.48]
2023-08-03 00:52:50.762  INFO 23340 --- [restartedMain] o.a.c.c.C.[Tomcat].[localhost].[/]       : Initializing Spring embedded WebApplicationContext
2023-08-03 00:52:50.763  INFO 23340 --- [restartedMain] w.s.c.ServletWebServerApplicationContext : Root WebApplicationContext: initialization completed in 1167 ms
2023-08-03 00:52:50.894  INFO 23340 --- [restartedMain] o.hibernate.jpa.internal.util.LogHelper  : HHH000204: Processing PersistenceUnitInfo [name: default]
2023-08-03 00:52:50.919  INFO 23340 --- [restartedMain] org.hibernate.Version                    : HHH000412: Hibernate ORM core version 5.4.32.Final
2023-08-03 00:52:50.981  INFO 23340 --- [restartedMain] o.hibernate.annotations.common.Version   : HCANN000001: Hibernate Commons Annotations {5.1.2.Final}
2023-08-03 00:52:51.027  INFO 23340 --- [restartedMain] com.zaxxer.hikari.HikariDataSource       : HikariPool-1 - Starting...
2023-08-03 00:52:51.114  INFO 23340 --- [restartedMain] com.zaxxer.hikari.HikariDataSource       : HikariPool-1 - Start completed.
2023-08-03 00:52:51.124  INFO 23340 --- [restartedMain] org.hibernate.dialect.Dialect            : HHH000400: Using dialect: org.hibernate.dialect.MySQL5Dialect
2023-08-03 00:52:51.547  INFO 23340 --- [restartedMain] o.h.e.t.j.p.i.JtaPlatformInitiator       : HHH000490: Using JtaPlatform implementation: [org.hibernate.engine.transaction.jta.platform.internal.NoJtaPlatform]
2023-08-03 00:52:51.552  INFO 23340 --- [restartedMain] j.LocalContainerEntityManagerFactoryBean : Initialized JPA EntityManagerFactory for persistence unit 'default'
2023-08-03 00:52:51.856  WARN 23340 --- [restartedMain] JpaBaseConfiguration$JpaWebConfiguration : spring.jpa.open-in-view is enabled by default. Therefore, database queries may be performed during view rendering. Explicitly configure spring.jpa.open-in-view to disable this warning
2023-08-03 00:52:51.965  INFO 23340 --- [restartedMain] o.s.b.a.e.web.EndpointLinksResolver      : Exposing 1 endpoint(s) beneath base path '/actuator'
2023-08-03 00:52:51.998  INFO 23340 --- [restartedMain] pertySourcedRequestMappingHandlerMapping : Mapped URL path [/v2/api-docs] onto method [springfox.documentation.swagger2.web.Swagger2Controller#getDocumentation(String, HttpServletRequest)]
2023-08-03 00:52:52.083  INFO 23340 --- [restartedMain] o.s.b.d.a.OptionalLiveReloadServer       : LiveReload server is running on port 35729
2023-08-03 00:52:52.250  INFO 23340 --- [restartedMain] o.s.b.w.embedded.tomcat.TomcatWebServer  : Tomcat started on port(s): 8080 (http) with context path ''
2023-08-03 00:52:52.250  INFO 23340 --- [restartedMain] d.s.w.p.DocumentationPluginsBootstrapper : Context refreshed
2023-08-03 00:52:52.258  INFO 23340 --- [restartedMain] d.s.w.p.DocumentationPluginsBootstrapper : Found 1 custom documentation plugin(s)
2023-08-03 00:52:52.270  INFO 23340 --- [restartedMain] s.d.s.w.s.ApiListingReferenceScanner     : Scanning for api listing references
2023-08-03 00:52:52.349  INFO 23340 --- [restartedMain] com.banking.BankingApplication           : Started BankingApplication in 3.008 seconds (JVM running for 3.481)
2023-08-03 00:52:52.881  INFO 23340 --- [RMI TCP Connection(2)-192.168.1.41] o.a.c.c.C.[Tomcat].[localhost].[/]       : Initializing Spring DispatcherServlet 'dispatcherServlet'
2023-08-03 00:52:52.881  INFO 23340 --- [RMI TCP Connection(2)-192.168.1.41] o.s.web.servlet.DispatcherServlet        : Initializing Servlet 'dispatcherServlet'
2023-08-03 00:52:52.883  INFO 23340 --- [RMI TCP Connection(2)-192.168.1.41] o.s.web.servlet.DispatcherServlet        : Completed initialization in 1 ms
2023-08-03 00:53:00.583  INFO 23340 --- [SpringApplicationShutdownHook] j.LocalContainerEntityManagerFactoryBean : Closing JPA EntityManagerFactory for persistence unit 'default'
2023-08-03 00:53:00.586  INFO 23340 --- [SpringApplicationShutdownHook] com.zaxxer.hikari.HikariDataSource       : HikariPool-1 - Shutdown initiated...
2023-08-03 00:53:00.590  INFO 23340 --- [SpringApplicationShutdownHook] com.zaxxer.hikari.HikariDataSource       : HikariPool-1 - Shutdown completed.
2023-08-03 00:53:09.832  INFO 21932 --- [Test worker] com.banking.BankingApplicationTests      : Starting BankingApplicationTests using Java 17.0.6 on DESKTOP-2H10H22 with PID 21932 (started by Bekir in D:\bekir\my_projects\Java\banking)
2023-08-03 00:53:09.835  INFO 21932 --- [Test worker] com.banking.BankingApplicationTests      : No active profile set, falling back to default profiles: default
2023-08-03 00:53:10.607  INFO 21932 --- [Test worker] .s.d.r.c.RepositoryConfigurationDelegate : Multiple Spring Data modules found, entering strict repository configuration mode!
2023-08-03 00:53:10.609  INFO 21932 --- [Test worker] .s.d.r.c.RepositoryConfigurationDelegate : Bootstrapping Spring Data JDBC repositories in DEFAULT mode.
2023-08-03 00:53:10.638  INFO 21932 --- [Test worker] .RepositoryConfigurationExtensionSupport : Spring Data JDBC - Could not safely identify store assignment for repository candidate interface com.banking.repository.AccountRepository. If you want this repository to be a JDBC repository, consider annotating your entities with one of these annotations: org.springframework.data.relational.core.mapping.Table.
2023-08-03 00:53:10.639  INFO 21932 --- [Test worker] .RepositoryConfigurationExtensionSupport : Spring Data JDBC - Could not safely identify store assignment for repository candidate interface com.banking.repository.TransactionRepository. If you want this repository to be a JDBC repository, consider annotating your entities with one of these annotations: org.springframework.data.relational.core.mapping.Table.
2023-08-03 00:53:10.640  INFO 21932 --- [Test worker] .s.d.r.c.RepositoryConfigurationDelegate : Finished Spring Data repository scanning in 26 ms. Found 0 JDBC repository interfaces.
2023-08-03 00:53:10.648  INFO 21932 --- [Test worker] .s.d.r.c.RepositoryConfigurationDelegate : Multiple Spring Data modules found, entering strict repository configuration mode!
2023-08-03 00:53:10.650  INFO 21932 --- [Test worker] .s.d.r.c.RepositoryConfigurationDelegate : Bootstrapping Spring Data JPA repositories in DEFAULT mode.
2023-08-03 00:53:10.675  INFO 21932 --- [Test worker] .s.d.r.c.RepositoryConfigurationDelegate : Finished Spring Data repository scanning in 21 ms. Found 2 JPA repository interfaces.
2023-08-03 00:53:11.106  INFO 21932 --- [Test worker] o.hibernate.jpa.internal.util.LogHelper  : HHH000204: Processing PersistenceUnitInfo [name: default]
2023-08-03 00:53:11.144  INFO 21932 --- [Test worker] org.hibernate.Version                    : HHH000412: Hibernate ORM core version 5.4.32.Final
2023-08-03 00:53:11.241  INFO 21932 --- [Test worker] o.hibernate.annotations.common.Version   : HCANN000001: Hibernate Commons Annotations {5.1.2.Final}
2023-08-03 00:53:11.311  INFO 21932 --- [Test worker] com.zaxxer.hikari.HikariDataSource       : HikariPool-1 - Starting...
2023-08-03 00:53:11.406  INFO 21932 --- [Test worker] com.zaxxer.hikari.HikariDataSource       : HikariPool-1 - Start completed.
2023-08-03 00:53:11.416  INFO 21932 --- [Test worker] org.hibernate.dialect.Dialect            : HHH000400: Using dialect: org.hibernate.dialect.MySQL5Dialect
2023-08-03 00:53:11.952  INFO 21932 --- [Test worker] o.h.e.t.j.p.i.JtaPlatformInitiator       : HHH000490: Using JtaPlatform implementation: [org.hibernate.engine.transaction.jta.platform.internal.NoJtaPlatform]
2023-08-03 00:53:11.959  INFO 21932 --- [Test worker] j.LocalContainerEntityManagerFactoryBean : Initialized JPA EntityManagerFactory for persistence unit 'default'
2023-08-03 00:53:12.558  WARN 21932 --- [Test worker] JpaBaseConfiguration$JpaWebConfiguration : spring.jpa.open-in-view is enabled by default. Therefore, database queries may be performed during view rendering. Explicitly configure spring.jpa.open-in-view to disable this warning
2023-08-03 00:53:12.782  INFO 21932 --- [Test worker] o.s.b.a.e.web.EndpointLinksResolver      : Exposing 1 endpoint(s) beneath base path '/actuator'
2023-08-03 00:53:12.895  INFO 21932 --- [Test worker] pertySourcedRequestMappingHandlerMapping : Mapped URL path [/v2/api-docs] onto method [springfox.documentation.swagger2.web.Swagger2Controller#getDocumentation(String, HttpServletRequest)]
2023-08-03 00:53:13.438  INFO 21932 --- [Test worker] d.s.w.p.DocumentationPluginsBootstrapper : Context refreshed
2023-08-03 00:53:13.452  INFO 21932 --- [Test worker] d.s.w.p.DocumentationPluginsBootstrapper : Found 1 custom documentation plugin(s)
2023-08-03 00:53:13.467  INFO 21932 --- [Test worker] s.d.s.w.s.ApiListingReferenceScanner     : Scanning for api listing references
2023-08-03 00:53:13.568  INFO 21932 --- [Test worker] com.banking.BankingApplicationTests      : Started BankingApplicationTests in 3.931 seconds (JVM running for 4.829)
2023-08-03 00:53:13.748  INFO 21932 --- [Test worker] .b.t.c.SpringBootTestContextBootstrapper : Neither @ContextConfiguration nor @ContextHierarchy found for test class [com.banking.ModelTest], using SpringBootContextLoader
2023-08-03 00:53:13.749  INFO 21932 --- [Test worker] o.s.t.c.support.AbstractContextLoader    : Could not detect default resource locations for test class [com.banking.ModelTest]: no resource found for suffixes {-context.xml, Context.groovy}.
2023-08-03 00:53:13.749  INFO 21932 --- [Test worker] t.c.s.AnnotationConfigContextLoaderUtils : Could not detect default configuration classes for test class [com.banking.ModelTest]: ModelTest does not declare any static, non-private, non-final, nested classes annotated with @Configuration.
2023-08-03 00:53:13.751  INFO 21932 --- [Test worker] .b.t.c.SpringBootTestContextBootstrapper : Found @SpringBootConfiguration com.banking.BankingApplication for test class com.banking.ModelTest
2023-08-03 00:53:13.752  INFO 21932 --- [Test worker] .b.t.c.SpringBootTestContextBootstrapper : Loaded default TestExecutionListener class names from location [META-INF/spring.factories]: [org.springframework.security.test.context.support.WithSecurityContextTestExecutionListener, org.springframework.security.test.context.support.ReactorContextTestExecutionListener, org.springframework.boot.test.autoconfigure.restdocs.RestDocsTestExecutionListener, org.springframework.boot.test.autoconfigure.web.client.MockRestServiceServerResetTestExecutionListener, org.springframework.boot.test.autoconfigure.web.servlet.MockMvcPrintOnlyOnFailureTestExecutionListener, org.springframework.boot.test.autoconfigure.web.servlet.WebDriverTestExecutionListener, org.springframework.boot.test.autoconfigure.webservices.client.MockWebServiceServerTestExecutionListener, org.springframework.boot.test.mock.mockito.MockitoTestExecutionListener, org.springframework.boot.test.mock.mockito.ResetMocksTestExecutionListener, org.springframework.test.context.web.ServletTestExecutionListener, org.springframework.test.context.support.DirtiesContextBeforeModesTestExecutionListener, org.springframework.test.context.event.ApplicationEventsTestExecutionListener, org.springframework.test.context.support.DependencyInjectionTestExecutionListener, org.springframework.test.context.support.DirtiesContextTestExecutionListener, org.springframework.test.context.transaction.TransactionalTestExecutionListener, org.springframework.test.context.jdbc.SqlScriptsTestExecutionListener, org.springframework.test.context.event.EventPublishingTestExecutionListener]
2023-08-03 00:53:13.753  INFO 21932 --- [Test worker] .b.t.c.SpringBootTestContextBootstrapper : Using TestExecutionListeners: [org.springframework.test.context.web.ServletTestExecutionListener@7e7d6175, org.springframework.test.context.support.DirtiesContextBeforeModesTestExecutionListener@6da5cb1, org.springframework.test.context.event.ApplicationEventsTestExecutionListener@113a7d12, org.springframework.boot.test.mock.mockito.MockitoTestExecutionListener@3c739a9b, org.springframework.boot.test.autoconfigure.SpringBootDependencyInjectionTestExecutionListener@299022a9, org.springframework.test.context.support.DirtiesContextTestExecutionListener@7dfbdcfe, org.springframework.test.context.transaction.TransactionalTestExecutionListener@3f6bfcbe, org.springframework.test.context.jdbc.SqlScriptsTestExecutionListener@1f6c0e8a, org.springframework.security.test.context.support.WithSecurityContextTestExecutionListener@37c1e2a4, org.springframework.test.context.event.EventPublishingTestExecutionListener@14fed48e, org.springframework.security.test.context.support.ReactorContextTestExecutionListener@749054a3, org.springframework.boot.test.autoconfigure.restdocs.RestDocsTestExecutionListener@bf70ce5, org.springframework.boot.test.autoconfigure.web.client.MockRestServiceServerResetTestExecutionListener@331b0bfd, org.springframework.boot.test.autoconfigure.web.servlet.MockMvcPrintOnlyOnFailureTestExecutionListener@51a3e3b4, org.springframework.boot.test.autoconfigure.web.servlet.WebDriverTestExecutionListener@27e0906f, org.springframework.boot.test.autoconfigure.webservices.client.MockWebServiceServerTestExecutionListener@14432052, org.springframework.boot.test.mock.mockito.ResetMocksTestExecutionListener@7f6c85c4]
2023-08-03 00:53:14.030  INFO 21932 --- [Test worker] com.banking.ControllerTest               : Starting ControllerTest using Java 17.0.6 on DESKTOP-2H10H22 with PID 21932 (started by Bekir in D:\bekir\my_projects\Java\banking)
2023-08-03 00:53:14.031  INFO 21932 --- [Test worker] com.banking.ControllerTest               : No active profile set, falling back to default profiles: default
2023-08-03 00:53:14.273  INFO 21932 --- [Test worker] .s.d.r.c.RepositoryConfigurationDelegate : Multiple Spring Data modules found, entering strict repository configuration mode!
2023-08-03 00:53:14.273  INFO 21932 --- [Test worker] .s.d.r.c.RepositoryConfigurationDelegate : Bootstrapping Spring Data JDBC repositories in DEFAULT mode.
2023-08-03 00:53:14.278  INFO 21932 --- [Test worker] .RepositoryConfigurationExtensionSupport : Spring Data JDBC - Could not safely identify store assignment for repository candidate interface com.banking.repository.AccountRepository. If you want this repository to be a JDBC repository, consider annotating your entities with one of these annotations: org.springframework.data.relational.core.mapping.Table.
2023-08-03 00:53:14.278  INFO 21932 --- [Test worker] .RepositoryConfigurationExtensionSupport : Spring Data JDBC - Could not safely identify store assignment for repository candidate interface com.banking.repository.TransactionRepository. If you want this repository to be a JDBC repository, consider annotating your entities with one of these annotations: org.springframework.data.relational.core.mapping.Table.
2023-08-03 00:53:14.278  INFO 21932 --- [Test worker] .s.d.r.c.RepositoryConfigurationDelegate : Finished Spring Data repository scanning in 4 ms. Found 0 JDBC repository interfaces.
2023-08-03 00:53:14.281  INFO 21932 --- [Test worker] .s.d.r.c.RepositoryConfigurationDelegate : Multiple Spring Data modules found, entering strict repository configuration mode!
2023-08-03 00:53:14.281  INFO 21932 --- [Test worker] .s.d.r.c.RepositoryConfigurationDelegate : Bootstrapping Spring Data JPA repositories in DEFAULT mode.
2023-08-03 00:53:14.288  INFO 21932 --- [Test worker] .s.d.r.c.RepositoryConfigurationDelegate : Finished Spring Data repository scanning in 6 ms. Found 2 JPA repository interfaces.
2023-08-03 00:53:14.389  INFO 21932 --- [Test worker] o.hibernate.jpa.internal.util.LogHelper  : HHH000204: Processing PersistenceUnitInfo [name: default]
2023-08-03 00:53:14.395  INFO 21932 --- [Test worker] com.zaxxer.hikari.HikariDataSource       : HikariPool-2 - Starting...
2023-08-03 00:53:14.399  INFO 21932 --- [Test worker] com.zaxxer.hikari.HikariDataSource       : HikariPool-2 - Start completed.
2023-08-03 00:53:14.399  INFO 21932 --- [Test worker] org.hibernate.dialect.Dialect            : HHH000400: Using dialect: org.hibernate.dialect.MySQL5Dialect
2023-08-03 00:53:14.490  INFO 21932 --- [Test worker] o.h.e.t.j.p.i.JtaPlatformInitiator       : HHH000490: Using JtaPlatform implementation: [org.hibernate.engine.transaction.jta.platform.internal.NoJtaPlatform]
2023-08-03 00:53:14.491  INFO 21932 --- [Test worker] j.LocalContainerEntityManagerFactoryBean : Initialized JPA EntityManagerFactory for persistence unit 'default'
2023-08-03 00:53:14.677  WARN 21932 --- [Test worker] JpaBaseConfiguration$JpaWebConfiguration : spring.jpa.open-in-view is enabled by default. Therefore, database queries may be performed during view rendering. Explicitly configure spring.jpa.open-in-view to disable this warning
2023-08-03 00:53:14.762  INFO 21932 --- [Test worker] o.s.b.a.e.web.EndpointLinksResolver      : Exposing 1 endpoint(s) beneath base path '/actuator'
2023-08-03 00:53:14.827  INFO 21932 --- [Test worker] pertySourcedRequestMappingHandlerMapping : Mapped URL path [/v2/api-docs] onto method [springfox.documentation.swagger2.web.Swagger2Controller#getDocumentation(String, HttpServletRequest)]
2023-08-03 00:53:15.037  INFO 21932 --- [Test worker] d.s.w.p.DocumentationPluginsBootstrapper : Context refreshed
2023-08-03 00:53:15.038  INFO 21932 --- [Test worker] d.s.w.p.DocumentationPluginsBootstrapper : Found 1 custom documentation plugin(s)
2023-08-03 00:53:15.041  INFO 21932 --- [Test worker] s.d.s.w.s.ApiListingReferenceScanner     : Scanning for api listing references
2023-08-03 00:53:15.058  INFO 21932 --- [Test worker] com.banking.ControllerTest               : Started ControllerTest in 1.045 seconds (JVM running for 6.321)
2023-08-03 00:53:15.070  INFO 21932 --- [Test worker] o.s.b.t.m.w.SpringBootMockServletContext : Initializing Spring TestDispatcherServlet ''
2023-08-03 00:53:15.070  INFO 21932 --- [Test worker] o.s.t.web.servlet.TestDispatcherServlet  : Initializing Servlet ''
2023-08-03 00:53:15.071  INFO 21932 --- [Test worker] o.s.t.web.servlet.TestDispatcherServlet  : Completed initialization in 1 ms
2023-08-03 00:53:15.174  INFO 21932 --- [Test worker] c.banking.controller.AccountController   : Debit amount that is: 1200.0
2023-08-03 00:53:15.194  INFO 21932 --- [Test worker] o.s.b.t.m.w.SpringBootMockServletContext : Initializing Spring TestDispatcherServlet ''
2023-08-03 00:53:15.194  INFO 21932 --- [Test worker] o.s.t.web.servlet.TestDispatcherServlet  : Initializing Servlet ''
2023-08-03 00:53:15.195  INFO 21932 --- [Test worker] o.s.t.web.servlet.TestDispatcherServlet  : Completed initialization in 1 ms
2023-08-03 00:53:15.201  INFO 21932 --- [Test worker] c.banking.controller.AccountController   : Account number that is: 4303919928
2023-08-03 00:53:15.228  INFO 21932 --- [Test worker] o.s.b.t.m.w.SpringBootMockServletContext : Initializing Spring TestDispatcherServlet ''
2023-08-03 00:53:15.229  INFO 21932 --- [Test worker] o.s.t.web.servlet.TestDispatcherServlet  : Initializing Servlet ''
2023-08-03 00:53:15.230  INFO 21932 --- [Test worker] o.s.t.web.servlet.TestDispatcherServlet  : Completed initialization in 1 ms
2023-08-03 00:53:15.250  INFO 21932 --- [Test worker] c.banking.controller.AccountController   : Credit amount that is: 1200.0
2023-08-03 00:53:15.257  INFO 21932 --- [Test worker] o.s.b.t.m.w.SpringBootMockServletContext : Initializing Spring TestDispatcherServlet ''
2023-08-03 00:53:15.257  INFO 21932 --- [Test worker] o.s.t.web.servlet.TestDispatcherServlet  : Initializing Servlet ''
2023-08-03 00:53:15.258  INFO 21932 --- [Test worker] o.s.t.web.servlet.TestDispatcherServlet  : Completed initialization in 1 ms
2023-08-03 00:53:15.265  INFO 21932 --- [Test worker] c.banking.controller.AccountController   : Saved account number that is: 8743236849
2023-08-03 00:53:15.283  INFO 21932 --- [SpringApplicationShutdownHook] j.LocalContainerEntityManagerFactoryBean : Closing JPA EntityManagerFactory for persistence unit 'default'
2023-08-03 00:53:15.284  INFO 21932 --- [SpringApplicationShutdownHook] com.zaxxer.hikari.HikariDataSource       : HikariPool-1 - Shutdown initiated...
2023-08-03 00:53:15.289  INFO 21932 --- [SpringApplicationShutdownHook] com.zaxxer.hikari.HikariDataSource       : HikariPool-1 - Shutdown completed.
2023-08-03 00:53:15.293  INFO 21932 --- [SpringApplicationShutdownHook] j.LocalContainerEntityManagerFactoryBean : Closing JPA EntityManagerFactory for persistence unit 'default'
2023-08-03 00:53:15.294  INFO 21932 --- [SpringApplicationShutdownHook] com.zaxxer.hikari.HikariDataSource       : HikariPool-2 - Shutdown initiated...
2023-08-03 00:53:15.295  INFO 21932 --- [SpringApplicationShutdownHook] com.zaxxer.hikari.HikariDataSource       : HikariPool-2 - Shutdown completed.
